f:\current projects\greed(programming game)\greed(programming game)\x64\release\vc143.pdb
f:\current projects\greed(programming game)\greed(programming game)\x64\release\external_gui.obj
f:\current projects\greed(programming game)\greed(programming game)\x64\release\testing.obj
f:\current projects\greed(programming game)\greed(programming game)\x64\release\diff_file.obj
f:\current projects\greed(programming game)\greed(programming game)\x64\release\run_server.obj
f:\current projects\greed(programming game)\greed(programming game)\x64\release\run_client.obj
f:\current projects\greed(programming game)\greed(programming game)\x64\release\process1.obj
f:\current projects\greed(programming game)\greed(programming game)\x64\release\real_server.obj
f:\current projects\greed(programming game)\greed(programming game)\x64\release\part1.obj
f:\current projects\greed(programming game)\greed(programming game)\x64\release\lib2.obj
f:\current projects\greed(programming game)\greed(programming game)\x64\release\client_v2.obj
f:\current projects\greed(programming game)\greed(programming game)\x64\release\server_v2.obj
f:\current projects\greed(programming game)\greed(programming game)\x64\release\server_v3.obj
f:\current projects\greed(programming game)\greed(programming game)\x64\release\client_v1.obj
f:\current projects\greed(programming game)\greed(programming game)\x64\release\messenger.obj
f:\current projects\greed(programming game)\greed(programming game)\x64\release\child.obj
f:\current projects\greed(programming game)\greed(programming game)\x64\release\master.obj
f:\current projects\greed(programming game)\greed(programming game)\x64\release\sqlite.obj
f:\current projects\greed(programming game)\x64\release\greed(programming game).exe
f:\current projects\greed(programming game)\greed(programming game)\x64\release\greed(programming game).ipdb
f:\current projects\greed(programming game)\x64\release\greed(programming game).pdb
f:\current projects\greed(programming game)\greed(programming game)\x64\release\greed(programming game).iobj
f:\current projects\greed(programming game)\greed(programming game)\x64\release\class_outlet.obj
f:\current projects\greed(programming game)\greed(programming game)\x64\release\code_maker.obj
f:\current projects\greed(programming game)\greed(programming game)\x64\release\final.obj
f:\current projects\greed(programming game)\greed(programming game)\x64\release\graphics_testing.obj
f:\current projects\greed(programming game)\greed(programming game)\x64\release\image_binder.obj
f:\current projects\greed(programming game)\greed(programming game)\x64\release\map_maker.obj
f:\current projects\greed(programming game)\greed(programming game)\x64\release\mesenger.obj
f:\current projects\greed(programming game)\greed(programming game)\x64\release\proxy_file.obj
f:\current projects\greed(programming game)\greed(programming game)\x64\release\tcp1.obj
f:\current projects\greed(programming game)\greed(programming game)\x64\release\tcp2.obj
f:\current projects\greed(programming game)\greed(programming game)\x64\release\testing_library.obj
f:\current projects\greed(programming game)\greed(programming game)\x64\release\user1.obj
f:\current projects\greed(programming game)\greed(programming game)\x64\release\user_algos.obj
f:\current projects\greed(programming game)\greed(programming game)\x64\release\greed(pr.481f8a67.tlog\cl.command.1.tlog
f:\current projects\greed(programming game)\greed(programming game)\x64\release\greed(pr.481f8a67.tlog\cl.read.1.tlog
f:\current projects\greed(programming game)\greed(programming game)\x64\release\greed(pr.481f8a67.tlog\cl.write.1.tlog
f:\current projects\greed(programming game)\greed(programming game)\x64\release\greed(pr.481f8a67.tlog\link.command.1.tlog
f:\current projects\greed(programming game)\greed(programming game)\x64\release\greed(pr.481f8a67.tlog\link.read.1.tlog
f:\current projects\greed(programming game)\greed(programming game)\x64\release\greed(pr.481f8a67.tlog\link.write.1.tlog
