  server_v3.cpp
F:\current projects\GREED(programming game)\GREED(programming game)\online_lib2.hpp(482,15): warning C4244: 'return': conversion from 'double' to 'int', possible loss of data
F:\current projects\GREED(programming game)\GREED(programming game)\online_lib2.hpp(486,15): warning C4244: 'return': conversion from 'double' to 'int', possible loss of data
F:\current projects\GREED(programming game)\GREED(programming game)\online_lib2.hpp(497,16): warning C4305: '=': truncation from 'int' to 'bool'
F:\current projects\GREED(programming game)\GREED(programming game)\online_lib2.hpp(498,55): warning C4244: 'argument': conversion from 'int' to 'float', possible loss of data
F:\current projects\GREED(programming game)\GREED(programming game)\online_lib2.hpp(590,37): warning C4244: 'argument': conversion from 'int' to 'float', possible loss of data
F:\current projects\GREED(programming game)\GREED(programming game)\online_lib2.hpp(590,29): warning C4244: 'argument': conversion from 'int' to 'float', possible loss of data
F:\current projects\GREED(programming game)\GREED(programming game)\online_lib2.hpp(1535,62): warning C4244: 'argument': conversion from 'int' to 'float', possible loss of data
F:\current projects\GREED(programming game)\GREED(programming game)\online_lib2.hpp(1535,22): warning C4244: 'argument': conversion from 'int' to 'float', possible loss of data
F:\current projects\GREED(programming game)\GREED(programming game)\online_lib2.hpp(2171,53): warning C4267: '=': conversion from 'size_t' to 'int', possible loss of data
F:\current projects\GREED(programming game)\GREED(programming game)\online_lib2.hpp(2203,58): warning C4267: '=': conversion from 'size_t' to 'int', possible loss of data
F:\current projects\GREED(programming game)\GREED(programming game)\online_lib2.hpp(2216,55): warning C4267: '=': conversion from 'size_t' to 'int', possible loss of data
F:\current projects\GREED(programming game)\GREED(programming game)\online_lib2.hpp(2232,41): warning C4267: '=': conversion from 'size_t' to 'int', possible loss of data
F:\current projects\GREED(programming game)\GREED(programming game)\online_lib2.hpp(2266,58): warning C4267: '=': conversion from 'size_t' to 'int', possible loss of data
F:\current projects\GREED(programming game)\GREED(programming game)\online_lib2.hpp(2285,55): warning C4267: '=': conversion from 'size_t' to 'int', possible loss of data
F:\current projects\GREED(programming game)\GREED(programming game)\online_lib2.hpp(2304,51): warning C4267: '=': conversion from 'size_t' to 'int', possible loss of data
F:\current projects\GREED(programming game)\GREED(programming game)\online_lib2.hpp(2262,8): warning C4101: 'a': unreferenced local variable
F:\current projects\GREED(programming game)\GREED(programming game)\online_lib2.cpp(134,14): warning C4244: 'return': conversion from 'double' to 'int', possible loss of data
F:\current projects\GREED(programming game)\GREED(programming game)\online_lib2.cpp(138,14): warning C4244: 'return': conversion from 'double' to 'int', possible loss of data
F:\current projects\GREED(programming game)\GREED(programming game)\online_lib2.cpp(142,14): warning C4244: 'return': conversion from 'double' to 'int', possible loss of data
F:\current projects\GREED(programming game)\GREED(programming game)\online_lib2.cpp(146,14): warning C4244: 'return': conversion from 'double' to 'int', possible loss of data
F:\current projects\GREED(programming game)\GREED(programming game)\online_lib2.cpp(449,14): warning C4244: 'initializing': conversion from 'double' to 'int', possible loss of data
F:\current projects\GREED(programming game)\GREED(programming game)\online_lib2.cpp(874,38): warning C4244: 'argument': conversion from 'T' to 'int', possible loss of data
          with
          [
              T=float
          ]
F:\current projects\GREED(programming game)\GREED(programming game)\online_lib2.cpp(874,72): warning C4244: 'argument': conversion from 'T' to 'int', possible loss of data
          with
          [
              T=float
          ]
F:\current projects\GREED(programming game)\GREED(programming game)\online_lib2.cpp(2207,32): warning C4244: '=': conversion from 'double' to 'int', possible loss of data
F:\current projects\GREED(programming game)\GREED(programming game)\online_lib2.cpp(2231,26): warning C4244: '=': conversion from 'double' to 'int', possible loss of data
F:\current projects\GREED(programming game)\GREED(programming game)\online_lib2.cpp(2245,27): warning C4244: '=': conversion from 'double' to 'int', possible loss of data
F:\current projects\GREED(programming game)\GREED(programming game)\online_lib2.cpp(2261,28): warning C4244: '=': conversion from 'double' to 'int', possible loss of data
F:\current projects\GREED(programming game)\GREED(programming game)\online_lib2.cpp(2544,55): warning C4244: 'argument': conversion from 'long double' to 'int', possible loss of data
F:\current projects\GREED(programming game)\GREED(programming game)\online_lib2.cpp(2755,56): warning C4244: 'argument': conversion from 'long double' to 'int', possible loss of data
F:\current projects\GREED(programming game)\GREED(programming game)\online_lib2.cpp(2877,24): warning C4244: '=': conversion from 'double' to 'int', possible loss of data
F:\current projects\GREED(programming game)\GREED(programming game)\online_lib2.cpp(2867,6): warning C4101: 's_id': unreferenced local variable
F:\current projects\GREED(programming game)\GREED(programming game)\online_lib2.cpp(3268,38): warning C4244: 'argument': conversion from 'double' to 'int', possible loss of data
F:\current projects\GREED(programming game)\GREED(programming game)\online_lib2.cpp(3268,64): warning C4244: 'argument': conversion from 'double' to 'int', possible loss of data
F:\current projects\GREED(programming game)\GREED(programming game)\online_lib2.cpp(3268,53): warning C4244: 'argument': conversion from 'int' to 'float', possible loss of data
F:\current projects\GREED(programming game)\GREED(programming game)\online_lib2.cpp(3268,27): warning C4244: 'argument': conversion from 'int' to 'float', possible loss of data
F:\current projects\GREED(programming game)\GREED(programming game)\online_lib2.cpp(3334,35): warning C4305: 'argument': truncation from 'double' to 'float'
F:\current projects\GREED(programming game)\GREED(programming game)\online_lib2.cpp(3337,64): warning C4244: 'argument': conversion from 'int' to 'float', possible loss of data
F:\current projects\GREED(programming game)\GREED(programming game)\online_lib2.cpp(3343,51): warning C4244: 'argument': conversion from 'int' to 'float', possible loss of data
F:\current projects\GREED(programming game)\GREED(programming game)\online_lib2.cpp(3344,58): warning C4244: 'argument': conversion from 'int' to 'float', possible loss of data
F:\current projects\GREED(programming game)\GREED(programming game)\online_lib2.cpp(3345,52): warning C4244: 'argument': conversion from 'int' to 'float', possible loss of data
F:\current projects\GREED(programming game)\GREED(programming game)\online_lib2.cpp(3346,61): warning C4244: 'argument': conversion from 'int' to 'float', possible loss of data
F:\current projects\GREED(programming game)\GREED(programming game)\online_lib2.cpp(3347,60): warning C4244: 'argument': conversion from 'int' to 'float', possible loss of data
F:\current projects\GREED(programming game)\GREED(programming game)\online_lib2.cpp(3360,42): warning C4305: 'argument': truncation from 'double' to 'float'
F:\current projects\GREED(programming game)\GREED(programming game)\online_lib2.cpp(3373,33): warning C4305: 'argument': truncation from 'double' to 'float'
F:\current projects\GREED(programming game)\GREED(programming game)\online_lib2.cpp(3386,34): warning C4305: 'argument': truncation from 'double' to 'float'
F:\current projects\GREED(programming game)\GREED(programming game)\online_lib2.cpp(3481,28): warning C4244: 'argument': conversion from 'int' to 'float', possible loss of data
F:\current projects\GREED(programming game)\GREED(programming game)\online_lib2.cpp(3546,38): warning C4244: 'argument': conversion from 'int' to 'float', possible loss of data
F:\current projects\GREED(programming game)\GREED(programming game)\online_lib2.cpp(3546,27): warning C4244: 'argument': conversion from 'int' to 'float', possible loss of data
F:\current projects\GREED(programming game)\GREED(programming game)\online_lib2.cpp(3555,41): warning C4244: 'argument': conversion from 'int' to 'float', possible loss of data
F:\current projects\GREED(programming game)\GREED(programming game)\online_lib2.cpp(3555,30): warning C4244: 'argument': conversion from 'int' to 'float', possible loss of data
F:\current projects\GREED(programming game)\GREED(programming game)\online_lib2.cpp(3615,39): warning C4305: 'argument': truncation from 'double' to 'float'
F:\current projects\GREED(programming game)\GREED(programming game)\online_lib2.cpp(3624,60): warning C4244: 'argument': conversion from 'int' to 'float', possible loss of data
F:\current projects\GREED(programming game)\GREED(programming game)\online_lib2.cpp(3625,56): warning C4244: 'argument': conversion from 'int' to 'float', possible loss of data
F:\current projects\GREED(programming game)\GREED(programming game)\online_lib2.cpp(3640,40): warning C4305: 'argument': truncation from 'double' to 'float'
F:\current projects\GREED(programming game)\GREED(programming game)\online_lib2.cpp(3644,55): warning C4244: 'argument': conversion from 'int' to 'float', possible loss of data
F:\current projects\GREED(programming game)\GREED(programming game)\online_lib2.cpp(3645,61): warning C4244: 'argument': conversion from 'int' to 'float', possible loss of data
F:\current projects\GREED(programming game)\GREED(programming game)\online_lib2.cpp(3646,57): warning C4244: 'argument': conversion from 'int' to 'float', possible loss of data
F:\current projects\GREED(programming game)\GREED(programming game)\online_lib2.cpp(3664,46): warning C4305: 'argument': truncation from 'double' to 'float'
F:\current projects\GREED(programming game)\GREED(programming game)\online_lib2.cpp(3840,8): warning C4244: 'initializing': conversion from 'double' to 'int', possible loss of data
F:\current projects\GREED(programming game)\GREED(programming game)\online_lib2.cpp(3841,8): warning C4244: 'initializing': conversion from 'double' to 'int', possible loss of data
F:\current projects\GREED(programming game)\GREED(programming game)\online_lib2.cpp(4006,49): warning C4244: 'argument': conversion from 'int' to 'T', possible loss of data
          with
          [
              T=float
          ]
F:\current projects\GREED(programming game)\GREED(programming game)\online_lib2.cpp(4006,40): warning C4244: 'argument': conversion from 'int' to 'T', possible loss of data
          with
          [
              T=float
          ]
F:\current projects\GREED(programming game)\GREED(programming game)\online_lib2.cpp(4007,59): warning C4244: 'argument': conversion from 'int' to 'T', possible loss of data
          with
          [
              T=float
          ]
F:\current projects\GREED(programming game)\GREED(programming game)\online_lib2.cpp(4007,44): warning C4244: 'argument': conversion from 'int' to 'T', possible loss of data
          with
          [
              T=float
          ]
F:\current projects\GREED(programming game)\GREED(programming game)\online_lib2.cpp(4008,55): warning C4244: 'argument': conversion from 'int' to 'T', possible loss of data
          with
          [
              T=float
          ]
F:\current projects\GREED(programming game)\GREED(programming game)\online_lib2.cpp(4008,40): warning C4244: 'argument': conversion from 'int' to 'T', possible loss of data
          with
          [
              T=float
          ]
F:\current projects\GREED(programming game)\GREED(programming game)\online_lib2.cpp(4009,49): warning C4244: 'argument': conversion from 'int' to 'T', possible loss of data
          with
          [
              T=float
          ]
F:\current projects\GREED(programming game)\GREED(programming game)\online_lib2.cpp(4009,40): warning C4244: 'argument': conversion from 'int' to 'T', possible loss of data
          with
          [
              T=float
          ]
F:\current projects\GREED(programming game)\GREED(programming game)\online_lib2.cpp(4011,57): warning C4244: 'argument': conversion from 'T' to 'T', possible loss of data
          with
          [
              T=unsigned int
          ]
          and
          [
              T=float
          ]
F:\current projects\GREED(programming game)\GREED(programming game)\online_lib2.cpp(4012,70): warning C4244: 'argument': conversion from 'T' to 'T', possible loss of data
          with
          [
              T=unsigned int
          ]
          and
          [
              T=float
          ]
F:\current projects\GREED(programming game)\GREED(programming game)\online_lib2.cpp(4013,106): warning C4244: 'argument': conversion from 'T' to 'T', possible loss of data
          with
          [
              T=unsigned int
          ]
          and
          [
              T=float
          ]
F:\current projects\GREED(programming game)\GREED(programming game)\online_lib2.cpp(4013,70): warning C4244: 'argument': conversion from 'T' to 'T', possible loss of data
          with
          [
              T=unsigned int
          ]
          and
          [
              T=float
          ]
F:\current projects\GREED(programming game)\GREED(programming game)\online_lib2.cpp(4014,84): warning C4244: 'argument': conversion from 'T' to 'T', possible loss of data
          with
          [
              T=unsigned int
          ]
          and
          [
              T=float
          ]
F:\current projects\GREED(programming game)\GREED(programming game)\online_lib2.cpp(4014,57): warning C4244: 'argument': conversion from 'T' to 'T', possible loss of data
          with
          [
              T=unsigned int
          ]
          and
          [
              T=float
          ]
F:\current projects\GREED(programming game)\GREED(programming game)\online_lib2.cpp(4056,38): warning C4244: 'argument': conversion from 'T' to 'int', possible loss of data
          with
          [
              T=float
          ]
F:\current projects\GREED(programming game)\GREED(programming game)\online_lib2.cpp(4056,72): warning C4244: 'argument': conversion from 'T' to 'int', possible loss of data
          with
          [
              T=float
          ]
F:\current projects\GREED(programming game)\GREED(programming game)\server_v3.cpp(112,29): warning C4244: '=': conversion from 'double' to 'int', possible loss of data
F:\current projects\GREED(programming game)\GREED(programming game)\server_v3.cpp(227,21): warning C4244: 'argument': conversion from 'SOCKET' to 'int', possible loss of data
F:\current projects\GREED(programming game)\GREED(programming game)\server_v3.cpp(234,20): warning C4244: 'argument': conversion from 'SOCKET' to '_Ty', possible loss of data
          with
          [
              _Ty=int
          ]
F:\current projects\GREED(programming game)\GREED(programming game)\server_v3.cpp(235,15): warning C4244: 'argument': conversion from 'SOCKET' to 'int', possible loss of data
F:\current projects\GREED(programming game)\GREED(programming game)\server_v3.cpp(297,21): warning C4244: 'argument': conversion from 'SOCKET' to 'int', possible loss of data
F:\current projects\GREED(programming game)\GREED(programming game)\server_v3.cpp(303,20): warning C4244: 'argument': conversion from 'SOCKET' to '_Ty', possible loss of data
          with
          [
              _Ty=int
          ]
F:\current projects\GREED(programming game)\GREED(programming game)\server_v3.cpp(304,15): warning C4244: 'argument': conversion from 'SOCKET' to 'int', possible loss of data
F:\current projects\GREED(programming game)\GREED(programming game)\server_v3.cpp(425,19): warning C4244: '=': conversion from 'double' to 'int', possible loss of data
F:\current projects\GREED(programming game)\GREED(programming game)\server_v3.cpp(502,13): warning C4244: 'initializing': conversion from 'long double' to 'int', possible loss of data
F:\current projects\GREED(programming game)\GREED(programming game)\server_v3.cpp(604,71): warning C4244: 'argument': conversion from 'double' to 'int', possible loss of data
F:\current projects\GREED(programming game)\GREED(programming game)\server_v3.cpp(604,122): warning C4244: 'argument': conversion from 'double' to 'int', possible loss of data
F:\current projects\GREED(programming game)\GREED(programming game)\server_v3.cpp(604,88): warning C4244: 'argument': conversion from 'int' to 'float', possible loss of data
F:\current projects\GREED(programming game)\GREED(programming game)\server_v3.cpp(604,37): warning C4244: 'argument': conversion from 'int' to 'float', possible loss of data
F:\current projects\GREED(programming game)\GREED(programming game)\server_v3.cpp(638,16): warning C4267: 'initializing': conversion from 'size_t' to 'int', possible loss of data
F:\current projects\GREED(programming game)\GREED(programming game)\server_v3.cpp(665,145): warning C4244: 'argument': conversion from 'double' to 'int', possible loss of data
F:\current projects\GREED(programming game)\GREED(programming game)\server_v3.cpp(665,221): warning C4244: 'argument': conversion from 'double' to 'int', possible loss of data
F:\current projects\GREED(programming game)\GREED(programming game)\server_v3.cpp(665,162): warning C4244: 'argument': conversion from 'int' to 'T', possible loss of data
          with
          [
              T=float
          ]
F:\current projects\GREED(programming game)\GREED(programming game)\server_v3.cpp(665,86): warning C4244: 'argument': conversion from 'int' to 'T', possible loss of data
          with
          [
              T=float
          ]
F:\current projects\GREED(programming game)\GREED(programming game)\server_v3.cpp(691,102): warning C4244: 'argument': conversion from 'const T' to 'int', possible loss of data
          with
          [
              T=float
          ]
F:\current projects\GREED(programming game)\GREED(programming game)\server_v3.cpp(691,201): warning C4244: 'argument': conversion from 'T' to 'int', possible loss of data
          with
          [
              T=float
          ]
F:\current projects\GREED(programming game)\GREED(programming game)\server_v3.cpp(717,116): warning C4244: 'argument': conversion from 'const T' to 'int', possible loss of data
          with
          [
              T=float
          ]
F:\current projects\GREED(programming game)\GREED(programming game)\server_v3.cpp(717,211): warning C4244: 'argument': conversion from 'const T' to 'int', possible loss of data
          with
          [
              T=float
          ]
F:\current projects\GREED(programming game)\GREED(programming game)\server_v3.cpp(750,118): warning C4244: 'argument': conversion from 'const T' to 'int', possible loss of data
          with
          [
              T=float
          ]
F:\current projects\GREED(programming game)\GREED(programming game)\server_v3.cpp(750,213): warning C4244: 'argument': conversion from 'const T' to 'int', possible loss of data
          with
          [
              T=float
          ]
F:\current projects\GREED(programming game)\GREED(programming game)\server_v3.cpp(797,81): warning C4244: '=': conversion from 'long double' to 'int', possible loss of data
F:\current projects\GREED(programming game)\GREED(programming game)\server_v3.cpp(799,17): warning C4244: 'initializing': conversion from 'double' to 'int', possible loss of data
F:\current projects\GREED(programming game)\GREED(programming game)\server_v3.cpp(837,122): warning C4244: 'argument': conversion from 'const T' to 'int', possible loss of data
          with
          [
              T=float
          ]
F:\current projects\GREED(programming game)\GREED(programming game)\server_v3.cpp(837,194): warning C4244: 'argument': conversion from 'const T' to 'int', possible loss of data
          with
          [
              T=float
          ]
F:\current projects\GREED(programming game)\GREED(programming game)\server_v3.cpp(837,131): warning C4244: 'argument': conversion from 'int' to 'T', possible loss of data
          with
          [
              T=float
          ]
F:\current projects\GREED(programming game)\GREED(programming game)\server_v3.cpp(837,59): warning C4244: 'argument': conversion from 'int' to 'T', possible loss of data
          with
          [
              T=float
          ]
F:\current projects\GREED(programming game)\GREED(programming game)\server_v3.cpp(837,404): warning C4244: 'argument': conversion from 'double' to 'T', possible loss of data
          with
          [
              T=float
          ]
F:\current projects\GREED(programming game)\GREED(programming game)\server_v3.cpp(837,323): warning C4244: 'argument': conversion from 'double' to 'T', possible loss of data
          with
          [
              T=float
          ]
F:\current projects\GREED(programming game)\GREED(programming game)\server_v3.cpp(871,122): warning C4244: 'argument': conversion from 'const T' to 'int', possible loss of data
          with
          [
              T=float
          ]
F:\current projects\GREED(programming game)\GREED(programming game)\server_v3.cpp(871,194): warning C4244: 'argument': conversion from 'const T' to 'int', possible loss of data
          with
          [
              T=float
          ]
F:\current projects\GREED(programming game)\GREED(programming game)\server_v3.cpp(871,131): warning C4244: 'argument': conversion from 'int' to 'T', possible loss of data
          with
          [
              T=float
          ]
F:\current projects\GREED(programming game)\GREED(programming game)\server_v3.cpp(871,59): warning C4244: 'argument': conversion from 'int' to 'T', possible loss of data
          with
          [
              T=float
          ]
F:\current projects\GREED(programming game)\GREED(programming game)\server_v3.cpp(904,133): warning C4244: 'argument': conversion from 'double' to 'int', possible loss of data
F:\current projects\GREED(programming game)\GREED(programming game)\server_v3.cpp(904,202): warning C4244: 'argument': conversion from 'double' to 'int', possible loss of data
F:\current projects\GREED(programming game)\GREED(programming game)\server_v3.cpp(904,148): warning C4244: 'argument': conversion from 'int' to 'T', possible loss of data
          with
          [
              T=float
          ]
F:\current projects\GREED(programming game)\GREED(programming game)\server_v3.cpp(904,79): warning C4244: 'argument': conversion from 'int' to 'T', possible loss of data
          with
          [
              T=float
          ]
F:\current projects\GREED(programming game)\GREED(programming game)\server_v3.cpp(977,39): warning C4244: '=': conversion from 'long double' to 'int', possible loss of data
F:\current projects\GREED(programming game)\GREED(programming game)\server_v3.cpp(979,16): warning C4244: 'initializing': conversion from 'double' to 'int', possible loss of data
F:\current projects\GREED(programming game)\GREED(programming game)\server_v3.cpp(996,114): warning C4244: 'argument': conversion from 'const T' to 'int', possible loss of data
          with
          [
              T=float
          ]
F:\current projects\GREED(programming game)\GREED(programming game)\server_v3.cpp(996,179): warning C4244: 'argument': conversion from 'const T' to 'int', possible loss of data
          with
          [
              T=float
          ]
F:\current projects\GREED(programming game)\GREED(programming game)\server_v3.cpp(996,121): warning C4244: 'argument': conversion from 'int' to 'T', possible loss of data
          with
          [
              T=float
          ]
F:\current projects\GREED(programming game)\GREED(programming game)\server_v3.cpp(996,56): warning C4244: 'argument': conversion from 'int' to 'T', possible loss of data
          with
          [
              T=float
          ]
F:\current projects\GREED(programming game)\GREED(programming game)\server_v3.cpp(996,381): warning C4244: 'argument': conversion from 'double' to 'T', possible loss of data
          with
          [
              T=float
          ]
F:\current projects\GREED(programming game)\GREED(programming game)\server_v3.cpp(996,304): warning C4244: 'argument': conversion from 'double' to 'T', possible loss of data
          with
          [
              T=float
          ]
F:\current projects\GREED(programming game)\GREED(programming game)\server_v3.cpp(1026,40): warning C4267: '=': conversion from 'size_t' to 'int', possible loss of data
F:\current projects\GREED(programming game)\GREED(programming game)\server_v3.cpp(1039,69): warning C4267: '=': conversion from 'size_t' to 'int', possible loss of data
F:\current projects\GREED(programming game)\GREED(programming game)\server_v3.cpp(1119,23): warning C4267: '=': conversion from 'size_t' to 'int', possible loss of data
F:\current projects\GREED(programming game)\GREED(programming game)\server_v3.cpp(1125,26): warning C4244: 'argument': conversion from 'SOCKET' to 'int', possible loss of data
F:\current projects\GREED(programming game)\GREED(programming game)\server_v3.cpp(1206,137): warning C4244: 'argument': conversion from 'double' to 'T', possible loss of data
          with
          [
              T=float
          ]
F:\current projects\GREED(programming game)\GREED(programming game)\server_v3.cpp(1206,90): warning C4244: 'argument': conversion from 'double' to 'T', possible loss of data
          with
          [
              T=float
          ]
F:\current projects\GREED(programming game)\GREED(programming game)\server_v3.cpp(1238,212): warning C4244: 'argument': conversion from 'double' to 'T', possible loss of data
          with
          [
              T=float
          ]
F:\current projects\GREED(programming game)\GREED(programming game)\server_v3.cpp(1238,112): warning C4244: 'argument': conversion from 'double' to 'T', possible loss of data
          with
          [
              T=float
          ]
F:\current projects\GREED(programming game)\GREED(programming game)\server_v3.cpp(1321,25): warning C4244: 'argument': conversion from 'SOCKET' to 'int', possible loss of data
F:\current projects\GREED(programming game)\GREED(programming game)\server_v3.cpp(445,14): warning C4101: 'event': unreferenced local variable
F:\current projects\GREED(programming game)\GREED(programming game)\server_v3.cpp(1597,38): warning C4267: 'argument': conversion from 'size_t' to 'int', possible loss of data
F:\current projects\GREED(programming game)\GREED(programming game)\server_v3.cpp(1613,10): warning C4244: 'argument': conversion from 'SOCKET' to 'int', possible loss of data
F:\Visual Studio setup\VC\Tools\MSVC\14.36.32532\include\type_traits(1592,77): warning C4244: 'argument': conversion from 'const float' to 'int', possible loss of data
C:\TGUI-1.0-nightly\include\TGUI\Signal.hpp(249,18): message : see reference to function template instantiation 'void std::invoke<const Func&,graphics::GuiRenderer*const &,const float&>(_Callable,_Ty1,const float &) noexcept(false)' being compiled
          with
          [
              Func=void (__cdecl graphics::GuiRenderer::* )(int),
              _Callable=void (__cdecl graphics::GuiRenderer::* const &)(int),
              _Ty1=graphics::GuiRenderer *const &
          ]
C:\TGUI-1.0-nightly\include\TGUI\Signal.hpp(340,41): message : see reference to function template instantiation 'void tgui::Signal::invokeFunc<const Func&,graphics::GuiRenderer*const &,const float&>(void(__cdecl graphics::GuiRenderer::* const &)(int),graphics::GuiRenderer *const &,const float &)' being compiled
          with
          [
              Func=void (__cdecl graphics::GuiRenderer::* )(int)
          ]
C:\TGUI-1.0-nightly\include\TGUI\Signal.hpp(310,20): message : see reference to function template instantiation 'unsigned int tgui::SignalTyped<float>::connect<Func,graphics::GuiRenderer*,0x0>(const Func &,graphics::GuiRenderer *const &)' being compiled
          with
          [
              Func=void (__cdecl graphics::GuiRenderer::* )(int)
          ]
F:\current projects\GREED(programming game)\GREED(programming game)\online_lib2.cpp(3487,17): message : see reference to function template instantiation 'unsigned int tgui::SignalTyped<float>::operator ()<void(__cdecl graphics::GuiRenderer::* )(int),graphics::GuiRenderer*>(const Func &,graphics::GuiRenderer *const &)' being compiled
          with
          [
              Func=void (__cdecl graphics::GuiRenderer::* )(int)
          ]
F:\current projects\GREED(programming game)\GREED(programming game)\online_lib2.cpp(3487,32): message : see the first reference to 'tgui::SignalTyped<float>::operator ()' in 'graphics::GuiRenderer::frameRateSlider_renderer'
  Generating code
  1 of 2480 functions (<0.1%) were compiled, the rest were copied from previous compilation.
    0 functions were new in current compilation
    45 functions had inline decision re-evaluated but remain unchanged
  Finished generating code
  GREED(programming game).vcxproj -> F:\current projects\GREED(programming game)\x64\Release\GREED(programming game).exe
