  client_v1.cpp
F:\current projects\GREED(programming game)\GREED(programming game)\online_lib2.hpp(566,15): warning C4244: 'return': conversion from 'double' to 'int', possible loss of data
  (compiling source file 'client_v1.cpp')
  
F:\current projects\GREED(programming game)\GREED(programming game)\online_lib2.hpp(570,15): warning C4244: 'return': conversion from 'double' to 'int', possible loss of data
  (compiling source file 'client_v1.cpp')
  
F:\current projects\GREED(programming game)\GREED(programming game)\online_lib2.hpp(581,16): warning C4305: '=': truncation from 'int' to 'bool'
  (compiling source file 'client_v1.cpp')
  
F:\current projects\GREED(programming game)\GREED(programming game)\online_lib2.hpp(582,55): warning C4244: 'argument': conversion from 'int' to 'float', possible loss of data
  (compiling source file 'client_v1.cpp')
  
F:\current projects\GREED(programming game)\GREED(programming game)\online_lib2.hpp(675,37): warning C4244: 'argument': conversion from 'int' to 'float', possible loss of data
  (compiling source file 'client_v1.cpp')
  
F:\current projects\GREED(programming game)\GREED(programming game)\online_lib2.hpp(675,29): warning C4244: 'argument': conversion from 'int' to 'float', possible loss of data
  (compiling source file 'client_v1.cpp')
  
F:\current projects\GREED(programming game)\GREED(programming game)\online_lib2.hpp(1379,10): warning C4244: 'return': conversion from 'double' to 'int', possible loss of data
  (compiling source file 'client_v1.cpp')
  
F:\current projects\GREED(programming game)\GREED(programming game)\online_lib2.hpp(1783,62): warning C4244: 'argument': conversion from 'int' to 'float', possible loss of data
  (compiling source file 'client_v1.cpp')
  
F:\current projects\GREED(programming game)\GREED(programming game)\online_lib2.hpp(1783,22): warning C4244: 'argument': conversion from 'int' to 'float', possible loss of data
  (compiling source file 'client_v1.cpp')
  
F:\current projects\GREED(programming game)\GREED(programming game)\online_lib2.hpp(2623,13): warning C4267: 'initializing': conversion from 'size_t' to 'int', possible loss of data
  (compiling source file 'client_v1.cpp')
  
F:\current projects\GREED(programming game)\GREED(programming game)\online_lib2.hpp(2700,53): warning C4267: '=': conversion from 'size_t' to 'int', possible loss of data
  (compiling source file 'client_v1.cpp')
  
F:\current projects\GREED(programming game)\GREED(programming game)\online_lib2.hpp(2755,41): warning C4267: '=': conversion from 'size_t' to 'int', possible loss of data
  (compiling source file 'client_v1.cpp')
  
F:\current projects\GREED(programming game)\GREED(programming game)\online_lib2.hpp(2847,55): warning C4267: '=': conversion from 'size_t' to 'int', possible loss of data
  (compiling source file 'client_v1.cpp')
  
F:\current projects\GREED(programming game)\GREED(programming game)\online_lib2.hpp(2881,51): warning C4267: '=': conversion from 'size_t' to 'int', possible loss of data
  (compiling source file 'client_v1.cpp')
  
F:\current projects\GREED(programming game)\GREED(programming game)\online_lib2.hpp(2906,109): warning C4244: 'argument': conversion from 'double' to 'int', possible loss of data
  (compiling source file 'client_v1.cpp')
  
F:\current projects\GREED(programming game)\GREED(programming game)\online_lib2.hpp(2906,78): warning C4244: 'argument': conversion from 'double' to 'int', possible loss of data
  (compiling source file 'client_v1.cpp')
  
F:\current projects\GREED(programming game)\GREED(programming game)\online_lib2.hpp(2934,59): warning C4267: '=': conversion from 'size_t' to 'int', possible loss of data
  (compiling source file 'client_v1.cpp')
  
F:\current projects\GREED(programming game)\GREED(programming game)\online_lib2.cpp(132,14): warning C4244: 'return': conversion from 'double' to 'int', possible loss of data
  (compiling source file 'client_v1.cpp')
  
F:\current projects\GREED(programming game)\GREED(programming game)\online_lib2.cpp(136,14): warning C4244: 'return': conversion from 'double' to 'int', possible loss of data
  (compiling source file 'client_v1.cpp')
  
F:\current projects\GREED(programming game)\GREED(programming game)\online_lib2.cpp(140,14): warning C4244: 'return': conversion from 'double' to 'int', possible loss of data
  (compiling source file 'client_v1.cpp')
  
F:\current projects\GREED(programming game)\GREED(programming game)\online_lib2.cpp(144,14): warning C4244: 'return': conversion from 'double' to 'int', possible loss of data
  (compiling source file 'client_v1.cpp')
  
F:\current projects\GREED(programming game)\GREED(programming game)\online_lib2.cpp(447,14): warning C4244: 'initializing': conversion from 'double' to 'int', possible loss of data
  (compiling source file 'client_v1.cpp')
  
F:\current projects\GREED(programming game)\GREED(programming game)\online_lib2.cpp(849,38): warning C4244: 'argument': conversion from 'T' to 'int', possible loss of data
F:\current projects\GREED(programming game)\GREED(programming game)\online_lib2.cpp(849,38): warning C4244:         with
F:\current projects\GREED(programming game)\GREED(programming game)\online_lib2.cpp(849,38): warning C4244:         [
F:\current projects\GREED(programming game)\GREED(programming game)\online_lib2.cpp(849,38): warning C4244:             T=float
F:\current projects\GREED(programming game)\GREED(programming game)\online_lib2.cpp(849,38): warning C4244:         ]
  (compiling source file 'client_v1.cpp')
  
F:\current projects\GREED(programming game)\GREED(programming game)\online_lib2.cpp(849,72): warning C4244: 'argument': conversion from 'T' to 'int', possible loss of data
F:\current projects\GREED(programming game)\GREED(programming game)\online_lib2.cpp(849,72): warning C4244:         with
F:\current projects\GREED(programming game)\GREED(programming game)\online_lib2.cpp(849,72): warning C4244:         [
F:\current projects\GREED(programming game)\GREED(programming game)\online_lib2.cpp(849,72): warning C4244:             T=float
F:\current projects\GREED(programming game)\GREED(programming game)\online_lib2.cpp(849,72): warning C4244:         ]
  (compiling source file 'client_v1.cpp')
  
F:\current projects\GREED(programming game)\GREED(programming game)\online_lib2.cpp(2222,32): warning C4244: '=': conversion from 'double' to 'int', possible loss of data
  (compiling source file 'client_v1.cpp')
  
F:\current projects\GREED(programming game)\GREED(programming game)\online_lib2.cpp(2253,26): warning C4244: '=': conversion from 'double' to 'int', possible loss of data
  (compiling source file 'client_v1.cpp')
  
F:\current projects\GREED(programming game)\GREED(programming game)\online_lib2.cpp(2267,27): warning C4244: '=': conversion from 'double' to 'int', possible loss of data
  (compiling source file 'client_v1.cpp')
  
F:\current projects\GREED(programming game)\GREED(programming game)\online_lib2.cpp(2283,28): warning C4244: '=': conversion from 'double' to 'int', possible loss of data
  (compiling source file 'client_v1.cpp')
  
F:\current projects\GREED(programming game)\GREED(programming game)\online_lib2.cpp(2566,55): warning C4244: 'argument': conversion from 'long double' to 'int', possible loss of data
  (compiling source file 'client_v1.cpp')
  
F:\current projects\GREED(programming game)\GREED(programming game)\online_lib2.cpp(2777,56): warning C4244: 'argument': conversion from 'long double' to 'int', possible loss of data
  (compiling source file 'client_v1.cpp')
  
F:\current projects\GREED(programming game)\GREED(programming game)\online_lib2.cpp(2899,24): warning C4244: '=': conversion from 'double' to 'int', possible loss of data
  (compiling source file 'client_v1.cpp')
  
F:\current projects\GREED(programming game)\GREED(programming game)\online_lib2.cpp(2889,6): warning C4101: 's_id': unreferenced local variable
  (compiling source file 'client_v1.cpp')
  
F:\current projects\GREED(programming game)\GREED(programming game)\online_lib2.cpp(3291,38): warning C4244: 'argument': conversion from 'double' to 'int', possible loss of data
  (compiling source file 'client_v1.cpp')
  
F:\current projects\GREED(programming game)\GREED(programming game)\online_lib2.cpp(3291,64): warning C4244: 'argument': conversion from 'double' to 'int', possible loss of data
  (compiling source file 'client_v1.cpp')
  
F:\current projects\GREED(programming game)\GREED(programming game)\online_lib2.cpp(3291,53): warning C4244: 'argument': conversion from 'int' to 'float', possible loss of data
  (compiling source file 'client_v1.cpp')
  
F:\current projects\GREED(programming game)\GREED(programming game)\online_lib2.cpp(3291,27): warning C4244: 'argument': conversion from 'int' to 'float', possible loss of data
  (compiling source file 'client_v1.cpp')
  
F:\current projects\GREED(programming game)\GREED(programming game)\online_lib2.cpp(3346,35): warning C4305: 'argument': truncation from 'double' to 'float'
  (compiling source file 'client_v1.cpp')
  
F:\current projects\GREED(programming game)\GREED(programming game)\online_lib2.cpp(3349,64): warning C4244: 'argument': conversion from 'int' to 'float', possible loss of data
  (compiling source file 'client_v1.cpp')
  
F:\current projects\GREED(programming game)\GREED(programming game)\online_lib2.cpp(3355,51): warning C4244: 'argument': conversion from 'int' to 'float', possible loss of data
  (compiling source file 'client_v1.cpp')
  
F:\current projects\GREED(programming game)\GREED(programming game)\online_lib2.cpp(3356,58): warning C4244: 'argument': conversion from 'int' to 'float', possible loss of data
  (compiling source file 'client_v1.cpp')
  
F:\current projects\GREED(programming game)\GREED(programming game)\online_lib2.cpp(3357,52): warning C4244: 'argument': conversion from 'int' to 'float', possible loss of data
  (compiling source file 'client_v1.cpp')
  
F:\current projects\GREED(programming game)\GREED(programming game)\online_lib2.cpp(3358,61): warning C4244: 'argument': conversion from 'int' to 'float', possible loss of data
  (compiling source file 'client_v1.cpp')
  
F:\current projects\GREED(programming game)\GREED(programming game)\online_lib2.cpp(3359,60): warning C4244: 'argument': conversion from 'int' to 'float', possible loss of data
  (compiling source file 'client_v1.cpp')
  
F:\current projects\GREED(programming game)\GREED(programming game)\online_lib2.cpp(3372,42): warning C4305: 'argument': truncation from 'double' to 'float'
  (compiling source file 'client_v1.cpp')
  
F:\current projects\GREED(programming game)\GREED(programming game)\online_lib2.cpp(3385,33): warning C4305: 'argument': truncation from 'double' to 'float'
  (compiling source file 'client_v1.cpp')
  
F:\current projects\GREED(programming game)\GREED(programming game)\online_lib2.cpp(3398,34): warning C4305: 'argument': truncation from 'double' to 'float'
  (compiling source file 'client_v1.cpp')
  
F:\current projects\GREED(programming game)\GREED(programming game)\online_lib2.cpp(3493,28): warning C4244: 'argument': conversion from 'int' to 'float', possible loss of data
  (compiling source file 'client_v1.cpp')
  
F:\current projects\GREED(programming game)\GREED(programming game)\online_lib2.cpp(3561,38): warning C4244: 'argument': conversion from 'int' to 'float', possible loss of data
  (compiling source file 'client_v1.cpp')
  
F:\current projects\GREED(programming game)\GREED(programming game)\online_lib2.cpp(3561,27): warning C4244: 'argument': conversion from 'int' to 'float', possible loss of data
  (compiling source file 'client_v1.cpp')
  
F:\current projects\GREED(programming game)\GREED(programming game)\online_lib2.cpp(3570,34): warning C4244: 'argument': conversion from 'int' to 'float', possible loss of data
  (compiling source file 'client_v1.cpp')
  
F:\current projects\GREED(programming game)\GREED(programming game)\online_lib2.cpp(3570,23): warning C4244: 'argument': conversion from 'int' to 'float', possible loss of data
  (compiling source file 'client_v1.cpp')
  
F:\current projects\GREED(programming game)\GREED(programming game)\online_lib2.cpp(3579,41): warning C4244: 'argument': conversion from 'int' to 'float', possible loss of data
  (compiling source file 'client_v1.cpp')
  
F:\current projects\GREED(programming game)\GREED(programming game)\online_lib2.cpp(3579,30): warning C4244: 'argument': conversion from 'int' to 'float', possible loss of data
  (compiling source file 'client_v1.cpp')
  
F:\current projects\GREED(programming game)\GREED(programming game)\online_lib2.cpp(3651,39): warning C4305: 'argument': truncation from 'double' to 'float'
  (compiling source file 'client_v1.cpp')
  
F:\current projects\GREED(programming game)\GREED(programming game)\online_lib2.cpp(3660,60): warning C4244: 'argument': conversion from 'int' to 'float', possible loss of data
  (compiling source file 'client_v1.cpp')
  
F:\current projects\GREED(programming game)\GREED(programming game)\online_lib2.cpp(3661,56): warning C4244: 'argument': conversion from 'int' to 'float', possible loss of data
  (compiling source file 'client_v1.cpp')
  
F:\current projects\GREED(programming game)\GREED(programming game)\online_lib2.cpp(3676,40): warning C4305: 'argument': truncation from 'double' to 'float'
  (compiling source file 'client_v1.cpp')
  
F:\current projects\GREED(programming game)\GREED(programming game)\online_lib2.cpp(3680,55): warning C4244: 'argument': conversion from 'int' to 'float', possible loss of data
  (compiling source file 'client_v1.cpp')
  
F:\current projects\GREED(programming game)\GREED(programming game)\online_lib2.cpp(3681,61): warning C4244: 'argument': conversion from 'int' to 'float', possible loss of data
  (compiling source file 'client_v1.cpp')
  
F:\current projects\GREED(programming game)\GREED(programming game)\online_lib2.cpp(3682,57): warning C4244: 'argument': conversion from 'int' to 'float', possible loss of data
  (compiling source file 'client_v1.cpp')
  
F:\current projects\GREED(programming game)\GREED(programming game)\online_lib2.cpp(3700,46): warning C4305: 'argument': truncation from 'double' to 'float'
  (compiling source file 'client_v1.cpp')
  
F:\current projects\GREED(programming game)\GREED(programming game)\online_lib2.cpp(3876,8): warning C4244: 'initializing': conversion from 'double' to 'int', possible loss of data
  (compiling source file 'client_v1.cpp')
  
F:\current projects\GREED(programming game)\GREED(programming game)\online_lib2.cpp(3877,8): warning C4244: 'initializing': conversion from 'double' to 'int', possible loss of data
  (compiling source file 'client_v1.cpp')
  
F:\current projects\GREED(programming game)\GREED(programming game)\online_lib2.cpp(4042,49): warning C4244: 'argument': conversion from 'int' to 'T', possible loss of data
F:\current projects\GREED(programming game)\GREED(programming game)\online_lib2.cpp(4042,49): warning C4244:         with
F:\current projects\GREED(programming game)\GREED(programming game)\online_lib2.cpp(4042,49): warning C4244:         [
F:\current projects\GREED(programming game)\GREED(programming game)\online_lib2.cpp(4042,49): warning C4244:             T=float
F:\current projects\GREED(programming game)\GREED(programming game)\online_lib2.cpp(4042,49): warning C4244:         ]
  (compiling source file 'client_v1.cpp')
  
F:\current projects\GREED(programming game)\GREED(programming game)\online_lib2.cpp(4042,40): warning C4244: 'argument': conversion from 'int' to 'T', possible loss of data
F:\current projects\GREED(programming game)\GREED(programming game)\online_lib2.cpp(4042,40): warning C4244:         with
F:\current projects\GREED(programming game)\GREED(programming game)\online_lib2.cpp(4042,40): warning C4244:         [
F:\current projects\GREED(programming game)\GREED(programming game)\online_lib2.cpp(4042,40): warning C4244:             T=float
F:\current projects\GREED(programming game)\GREED(programming game)\online_lib2.cpp(4042,40): warning C4244:         ]
  (compiling source file 'client_v1.cpp')
  
F:\current projects\GREED(programming game)\GREED(programming game)\online_lib2.cpp(4043,59): warning C4244: 'argument': conversion from 'int' to 'T', possible loss of data
F:\current projects\GREED(programming game)\GREED(programming game)\online_lib2.cpp(4043,59): warning C4244:         with
F:\current projects\GREED(programming game)\GREED(programming game)\online_lib2.cpp(4043,59): warning C4244:         [
F:\current projects\GREED(programming game)\GREED(programming game)\online_lib2.cpp(4043,59): warning C4244:             T=float
F:\current projects\GREED(programming game)\GREED(programming game)\online_lib2.cpp(4043,59): warning C4244:         ]
  (compiling source file 'client_v1.cpp')
  
F:\current projects\GREED(programming game)\GREED(programming game)\online_lib2.cpp(4043,44): warning C4244: 'argument': conversion from 'int' to 'T', possible loss of data
F:\current projects\GREED(programming game)\GREED(programming game)\online_lib2.cpp(4043,44): warning C4244:         with
F:\current projects\GREED(programming game)\GREED(programming game)\online_lib2.cpp(4043,44): warning C4244:         [
F:\current projects\GREED(programming game)\GREED(programming game)\online_lib2.cpp(4043,44): warning C4244:             T=float
F:\current projects\GREED(programming game)\GREED(programming game)\online_lib2.cpp(4043,44): warning C4244:         ]
  (compiling source file 'client_v1.cpp')
  
F:\current projects\GREED(programming game)\GREED(programming game)\online_lib2.cpp(4044,55): warning C4244: 'argument': conversion from 'int' to 'T', possible loss of data
F:\current projects\GREED(programming game)\GREED(programming game)\online_lib2.cpp(4044,55): warning C4244:         with
F:\current projects\GREED(programming game)\GREED(programming game)\online_lib2.cpp(4044,55): warning C4244:         [
F:\current projects\GREED(programming game)\GREED(programming game)\online_lib2.cpp(4044,55): warning C4244:             T=float
F:\current projects\GREED(programming game)\GREED(programming game)\online_lib2.cpp(4044,55): warning C4244:         ]
  (compiling source file 'client_v1.cpp')
  
F:\current projects\GREED(programming game)\GREED(programming game)\online_lib2.cpp(4044,40): warning C4244: 'argument': conversion from 'int' to 'T', possible loss of data
F:\current projects\GREED(programming game)\GREED(programming game)\online_lib2.cpp(4044,40): warning C4244:         with
F:\current projects\GREED(programming game)\GREED(programming game)\online_lib2.cpp(4044,40): warning C4244:         [
F:\current projects\GREED(programming game)\GREED(programming game)\online_lib2.cpp(4044,40): warning C4244:             T=float
F:\current projects\GREED(programming game)\GREED(programming game)\online_lib2.cpp(4044,40): warning C4244:         ]
  (compiling source file 'client_v1.cpp')
  
F:\current projects\GREED(programming game)\GREED(programming game)\online_lib2.cpp(4045,49): warning C4244: 'argument': conversion from 'int' to 'T', possible loss of data
F:\current projects\GREED(programming game)\GREED(programming game)\online_lib2.cpp(4045,49): warning C4244:         with
F:\current projects\GREED(programming game)\GREED(programming game)\online_lib2.cpp(4045,49): warning C4244:         [
F:\current projects\GREED(programming game)\GREED(programming game)\online_lib2.cpp(4045,49): warning C4244:             T=float
F:\current projects\GREED(programming game)\GREED(programming game)\online_lib2.cpp(4045,49): warning C4244:         ]
  (compiling source file 'client_v1.cpp')
  
F:\current projects\GREED(programming game)\GREED(programming game)\online_lib2.cpp(4045,40): warning C4244: 'argument': conversion from 'int' to 'T', possible loss of data
F:\current projects\GREED(programming game)\GREED(programming game)\online_lib2.cpp(4045,40): warning C4244:         with
F:\current projects\GREED(programming game)\GREED(programming game)\online_lib2.cpp(4045,40): warning C4244:         [
F:\current projects\GREED(programming game)\GREED(programming game)\online_lib2.cpp(4045,40): warning C4244:             T=float
F:\current projects\GREED(programming game)\GREED(programming game)\online_lib2.cpp(4045,40): warning C4244:         ]
  (compiling source file 'client_v1.cpp')
  
F:\current projects\GREED(programming game)\GREED(programming game)\online_lib2.cpp(4047,57): warning C4244: 'argument': conversion from 'T' to 'T', possible loss of data
F:\current projects\GREED(programming game)\GREED(programming game)\online_lib2.cpp(4047,57): warning C4244:         with
F:\current projects\GREED(programming game)\GREED(programming game)\online_lib2.cpp(4047,57): warning C4244:         [
F:\current projects\GREED(programming game)\GREED(programming game)\online_lib2.cpp(4047,57): warning C4244:             T=unsigned int
F:\current projects\GREED(programming game)\GREED(programming game)\online_lib2.cpp(4047,57): warning C4244:         ]
F:\current projects\GREED(programming game)\GREED(programming game)\online_lib2.cpp(4047,57): warning C4244:         and
F:\current projects\GREED(programming game)\GREED(programming game)\online_lib2.cpp(4047,57): warning C4244:         [
F:\current projects\GREED(programming game)\GREED(programming game)\online_lib2.cpp(4047,57): warning C4244:             T=float
F:\current projects\GREED(programming game)\GREED(programming game)\online_lib2.cpp(4047,57): warning C4244:         ]
  (compiling source file 'client_v1.cpp')
  
F:\current projects\GREED(programming game)\GREED(programming game)\online_lib2.cpp(4048,70): warning C4244: 'argument': conversion from 'T' to 'T', possible loss of data
F:\current projects\GREED(programming game)\GREED(programming game)\online_lib2.cpp(4048,70): warning C4244:         with
F:\current projects\GREED(programming game)\GREED(programming game)\online_lib2.cpp(4048,70): warning C4244:         [
F:\current projects\GREED(programming game)\GREED(programming game)\online_lib2.cpp(4048,70): warning C4244:             T=unsigned int
F:\current projects\GREED(programming game)\GREED(programming game)\online_lib2.cpp(4048,70): warning C4244:         ]
F:\current projects\GREED(programming game)\GREED(programming game)\online_lib2.cpp(4048,70): warning C4244:         and
F:\current projects\GREED(programming game)\GREED(programming game)\online_lib2.cpp(4048,70): warning C4244:         [
F:\current projects\GREED(programming game)\GREED(programming game)\online_lib2.cpp(4048,70): warning C4244:             T=float
F:\current projects\GREED(programming game)\GREED(programming game)\online_lib2.cpp(4048,70): warning C4244:         ]
  (compiling source file 'client_v1.cpp')
  
F:\current projects\GREED(programming game)\GREED(programming game)\online_lib2.cpp(4049,106): warning C4244: 'argument': conversion from 'T' to 'T', possible loss of data
F:\current projects\GREED(programming game)\GREED(programming game)\online_lib2.cpp(4049,106): warning C4244:         with
F:\current projects\GREED(programming game)\GREED(programming game)\online_lib2.cpp(4049,106): warning C4244:         [
F:\current projects\GREED(programming game)\GREED(programming game)\online_lib2.cpp(4049,106): warning C4244:             T=unsigned int
F:\current projects\GREED(programming game)\GREED(programming game)\online_lib2.cpp(4049,106): warning C4244:         ]
F:\current projects\GREED(programming game)\GREED(programming game)\online_lib2.cpp(4049,106): warning C4244:         and
F:\current projects\GREED(programming game)\GREED(programming game)\online_lib2.cpp(4049,106): warning C4244:         [
F:\current projects\GREED(programming game)\GREED(programming game)\online_lib2.cpp(4049,106): warning C4244:             T=float
F:\current projects\GREED(programming game)\GREED(programming game)\online_lib2.cpp(4049,106): warning C4244:         ]
  (compiling source file 'client_v1.cpp')
  
F:\current projects\GREED(programming game)\GREED(programming game)\online_lib2.cpp(4049,70): warning C4244: 'argument': conversion from 'T' to 'T', possible loss of data
F:\current projects\GREED(programming game)\GREED(programming game)\online_lib2.cpp(4049,70): warning C4244:         with
F:\current projects\GREED(programming game)\GREED(programming game)\online_lib2.cpp(4049,70): warning C4244:         [
F:\current projects\GREED(programming game)\GREED(programming game)\online_lib2.cpp(4049,70): warning C4244:             T=unsigned int
F:\current projects\GREED(programming game)\GREED(programming game)\online_lib2.cpp(4049,70): warning C4244:         ]
F:\current projects\GREED(programming game)\GREED(programming game)\online_lib2.cpp(4049,70): warning C4244:         and
F:\current projects\GREED(programming game)\GREED(programming game)\online_lib2.cpp(4049,70): warning C4244:         [
F:\current projects\GREED(programming game)\GREED(programming game)\online_lib2.cpp(4049,70): warning C4244:             T=float
F:\current projects\GREED(programming game)\GREED(programming game)\online_lib2.cpp(4049,70): warning C4244:         ]
  (compiling source file 'client_v1.cpp')
  
F:\current projects\GREED(programming game)\GREED(programming game)\online_lib2.cpp(4050,84): warning C4244: 'argument': conversion from 'T' to 'T', possible loss of data
F:\current projects\GREED(programming game)\GREED(programming game)\online_lib2.cpp(4050,84): warning C4244:         with
F:\current projects\GREED(programming game)\GREED(programming game)\online_lib2.cpp(4050,84): warning C4244:         [
F:\current projects\GREED(programming game)\GREED(programming game)\online_lib2.cpp(4050,84): warning C4244:             T=unsigned int
F:\current projects\GREED(programming game)\GREED(programming game)\online_lib2.cpp(4050,84): warning C4244:         ]
F:\current projects\GREED(programming game)\GREED(programming game)\online_lib2.cpp(4050,84): warning C4244:         and
F:\current projects\GREED(programming game)\GREED(programming game)\online_lib2.cpp(4050,84): warning C4244:         [
F:\current projects\GREED(programming game)\GREED(programming game)\online_lib2.cpp(4050,84): warning C4244:             T=float
F:\current projects\GREED(programming game)\GREED(programming game)\online_lib2.cpp(4050,84): warning C4244:         ]
  (compiling source file 'client_v1.cpp')
  
F:\current projects\GREED(programming game)\GREED(programming game)\online_lib2.cpp(4050,57): warning C4244: 'argument': conversion from 'T' to 'T', possible loss of data
F:\current projects\GREED(programming game)\GREED(programming game)\online_lib2.cpp(4050,57): warning C4244:         with
F:\current projects\GREED(programming game)\GREED(programming game)\online_lib2.cpp(4050,57): warning C4244:         [
F:\current projects\GREED(programming game)\GREED(programming game)\online_lib2.cpp(4050,57): warning C4244:             T=unsigned int
F:\current projects\GREED(programming game)\GREED(programming game)\online_lib2.cpp(4050,57): warning C4244:         ]
F:\current projects\GREED(programming game)\GREED(programming game)\online_lib2.cpp(4050,57): warning C4244:         and
F:\current projects\GREED(programming game)\GREED(programming game)\online_lib2.cpp(4050,57): warning C4244:         [
F:\current projects\GREED(programming game)\GREED(programming game)\online_lib2.cpp(4050,57): warning C4244:             T=float
F:\current projects\GREED(programming game)\GREED(programming game)\online_lib2.cpp(4050,57): warning C4244:         ]
  (compiling source file 'client_v1.cpp')
  
F:\current projects\GREED(programming game)\GREED(programming game)\online_lib2.cpp(4093,38): warning C4244: 'argument': conversion from 'T' to 'int', possible loss of data
F:\current projects\GREED(programming game)\GREED(programming game)\online_lib2.cpp(4093,38): warning C4244:         with
F:\current projects\GREED(programming game)\GREED(programming game)\online_lib2.cpp(4093,38): warning C4244:         [
F:\current projects\GREED(programming game)\GREED(programming game)\online_lib2.cpp(4093,38): warning C4244:             T=float
F:\current projects\GREED(programming game)\GREED(programming game)\online_lib2.cpp(4093,38): warning C4244:         ]
  (compiling source file 'client_v1.cpp')
  
F:\current projects\GREED(programming game)\GREED(programming game)\online_lib2.cpp(4093,72): warning C4244: 'argument': conversion from 'T' to 'int', possible loss of data
F:\current projects\GREED(programming game)\GREED(programming game)\online_lib2.cpp(4093,72): warning C4244:         with
F:\current projects\GREED(programming game)\GREED(programming game)\online_lib2.cpp(4093,72): warning C4244:         [
F:\current projects\GREED(programming game)\GREED(programming game)\online_lib2.cpp(4093,72): warning C4244:             T=float
F:\current projects\GREED(programming game)\GREED(programming game)\online_lib2.cpp(4093,72): warning C4244:         ]
  (compiling source file 'client_v1.cpp')
  
F:\current projects\GREED(programming game)\GREED(programming game)\testing.cpp(11,14): warning C4244: 'initializing': conversion from 'double' to 'int', possible loss of data
  (compiling source file 'client_v1.cpp')
  
F:\current projects\GREED(programming game)\GREED(programming game)\client_v1.cpp(104,15): warning C4244: 'argument': conversion from 'SOCKET' to 'int', possible loss of data
F:\current projects\GREED(programming game)\GREED(programming game)\client_v1.cpp(208,62): warning C4267: 'argument': conversion from 'size_t' to 'int', possible loss of data
F:\current projects\GREED(programming game)\GREED(programming game)\client_v1.cpp(213,67): warning C4267: 'argument': conversion from 'size_t' to 'int', possible loss of data
F:\current projects\GREED(programming game)\GREED(programming game)\client_v1.cpp(518,20): warning C4244: 'initializing': conversion from 'double' to 'int', possible loss of data
F:\current projects\GREED(programming game)\GREED(programming game)\client_v1.cpp(519,18): warning C4244: 'initializing': conversion from 'double' to 'int', possible loss of data
F:\current projects\GREED(programming game)\GREED(programming game)\client_v1.cpp(623,35): warning C4267: '+=': conversion from 'size_t' to 'int', possible loss of data
F:\current projects\GREED(programming game)\GREED(programming game)\client_v1.cpp(665,18): warning C4267: 'initializing': conversion from 'size_t' to 'int', possible loss of data
F:\current projects\GREED(programming game)\GREED(programming game)\client_v1.cpp(761,36): warning C4244: '=': conversion from 'double' to 'int', possible loss of data
F:\current projects\GREED(programming game)\GREED(programming game)\client_v1.cpp(1498,37): warning C4244: '=': conversion from 'double' to 'int', possible loss of data
F:\current projects\GREED(programming game)\GREED(programming game)\client_v1.cpp(1499,37): warning C4244: '=': conversion from 'double' to 'int', possible loss of data
F:\current projects\GREED(programming game)\GREED(programming game)\client_v1.cpp(1500,39): warning C4244: '=': conversion from 'double' to 'int', possible loss of data
F:\current projects\GREED(programming game)\GREED(programming game)\client_v1.cpp(1510,55): warning C4267: '+=': conversion from 'size_t' to 'int', possible loss of data
F:\current projects\GREED(programming game)\GREED(programming game)\client_v1.cpp(1566,29): warning C4244: '=': conversion from 'double' to 'int', possible loss of data
F:\current projects\GREED(programming game)\GREED(programming game)\client_v1.cpp(454,12): warning C4101: 'data': unreferenced local variable
F:\current projects\GREED(programming game)\GREED(programming game)\client_v1.cpp(1747,66): warning C4267: 'argument': conversion from 'size_t' to 'int', possible loss of data
F:\current projects\GREED(programming game)\GREED(programming game)\client_v1.cpp(1876,66): warning C4267: 'argument': conversion from 'size_t' to 'int', possible loss of data
F:\current projects\GREED(programming game)\GREED(programming game)\client_v1.cpp(1884,48): warning C4267: 'argument': conversion from 'size_t' to 'socklen_t', possible loss of data
F:\current projects\GREED(programming game)\GREED(programming game)\client_v1.cpp(1970,21): warning C4244: 'argument': conversion from 'SOCKET' to 'int', possible loss of data
F:\current projects\GREED(programming game)\GREED(programming game)\client_v1.cpp(2144,59): warning C4244: 'argument': conversion from 'SOCKET' to 'int', possible loss of data
F:\current projects\GREED(programming game)\GREED(programming game)\client_v1.cpp(1933,8): warning C4101: 'cwd': unreferenced local variable
F:\Visual Studio setup\VC\Tools\MSVC\14.38.33130\include\type_traits(1747,77): warning C4244: 'argument': conversion from 'const float' to 'int', possible loss of data
  (compiling source file 'client_v1.cpp')
  F:\Visual Studio setup\VC\Tools\MSVC\14.38.33130\include\type_traits(1747,77):
  the template instantiation context (the oldest one first) is
  	F:\current projects\GREED(programming game)\GREED(programming game)\online_lib2.cpp(3499,17):
  	see reference to function template instantiation 'unsigned int tgui::SignalTyped<float>::operator ()<void(__cdecl graphics::GuiRenderer::* )(int),graphics::GuiRenderer*>(const Func &,graphics::GuiRenderer *const &)' being compiled
          with
          [
              Func=void (__cdecl graphics::GuiRenderer::* )(int)
          ]
  		F:\current projects\GREED(programming game)\GREED(programming game)\online_lib2.cpp(3499,32):
  		see the first reference to 'tgui::SignalTyped<float>::operator ()' in 'graphics::GuiRenderer::frameRateSlider_renderer'
  	C:\TGUI-1.0-nightly\include\TGUI\Signal.hpp(310,20):
  	see reference to function template instantiation 'unsigned int tgui::SignalTyped<float>::connect<Func,graphics::GuiRenderer*,0x0>(const Func &,graphics::GuiRenderer *const &)' being compiled
          with
          [
              Func=void (__cdecl graphics::GuiRenderer::* )(int)
          ]
  	C:\TGUI-1.0-nightly\include\TGUI\Signal.hpp(340,41):
  	see reference to function template instantiation 'void tgui::Signal::invokeFunc<const Func&,graphics::GuiRenderer*const &,const float&>(void(__cdecl graphics::GuiRenderer::* const &)(int),graphics::GuiRenderer *const &,const float &)' being compiled
          with
          [
              Func=void (__cdecl graphics::GuiRenderer::* )(int)
          ]
  	C:\TGUI-1.0-nightly\include\TGUI\Signal.hpp(249,18):
  	see reference to function template instantiation 'void std::invoke<const Func&,graphics::GuiRenderer*const &,const float&>(_Callable,_Ty1,const float &) noexcept(false)' being compiled
          with
          [
              Func=void (__cdecl graphics::GuiRenderer::* )(int),
              _Callable=void (__cdecl graphics::GuiRenderer::* const &)(int),
              _Ty1=graphics::GuiRenderer *const &
          ]
  
F:\current projects\GREED(programming game)\GREED(programming game)\online_lib2.cpp(705): warning C4715: 'ship::isAuthenticPath': not all control paths return a value
F:\current projects\GREED(programming game)\GREED(programming game)\online_lib2.cpp(995): warning C4715: 'ship::getRadiusCoords_cannon': not all control paths return a value
F:\current projects\GREED(programming game)\GREED(programming game)\online_lib2.cpp(2375): warning C4715: 'ship::isInShipRadius': not all control paths return a value
F:\current projects\GREED(programming game)\GREED(programming game)\online_lib2.cpp(2290): warning C4715: 'ship::updateCost': not all control paths return a value
F:\current projects\GREED(programming game)\GREED(programming game)\online_lib2.cpp(2446): warning C4715: 'ship::isShipInMyRadius_forFire': not all control paths return a value
F:\current projects\GREED(programming game)\GREED(programming game)\online_lib2.cpp(2489): warning C4715: 'ship::isShipInMyRadius': not all control paths return a value
F:\current projects\GREED(programming game)\GREED(programming game)\List.h(254): warning C4715: 'List<Greed::abs_pos>::operator[]': not all control paths return a value
F:\current projects\GREED(programming game)\GREED(programming game)\List.h(254): warning C4715: 'List<Greed::A>::operator[]': not all control paths return a value
F:\current projects\GREED(programming game)\GREED(programming game)\List.h(254): warning C4715: 'List<Greed::vertex>::operator[]': not all control paths return a value
F:\current projects\GREED(programming game)\GREED(programming game)\List.h(254): warning C4715: 'List<Greed::point>::operator[]': not all control paths return a value
F:\current projects\GREED(programming game)\GREED(programming game)\List.h(254): warning C4715: 'List<Greed::cannon>::operator[]': not all control paths return a value
F:\current projects\GREED(programming game)\GREED(programming game)\online_lib2.hpp(2352): warning C4715: 'Control::getShipList': not all control paths return a value
F:\current projects\GREED(programming game)\GREED(programming game)\List.h(254): warning C4715: 'List<Greed::coords>::operator[]': not all control paths return a value
F:\current projects\GREED(programming game)\GREED(programming game)\online_lib2.hpp(1793): warning C4715: 'ship::getGlobalMapref': not all control paths return a value
F:\current projects\GREED(programming game)\GREED(programming game)\online_lib2.hpp(1718): warning C4715: 'ship::getAbsolutePosition1': not all control paths return a value
F:\current projects\GREED(programming game)\GREED(programming game)\List.h(254): warning C4715: 'List<int>::operator[]': not all control paths return a value
F:\current projects\GREED(programming game)\GREED(programming game)\List.h(254): warning C4715: 'List<Greed::bullet>::operator[]': not all control paths return a value
  GREED(programming game).vcxproj -> F:\current projects\GREED(programming game)\x64\Debug\GREED(programming game).exe
